C51 COMPILER V9.60.0.0   LDCHIP                                                            07/03/2025 18:40:35 PAGE 1   


C51 COMPILER V9.60.0.0, COMPILATION OF MODULE LDCHIP
OBJECT MODULE PLACED IN ..\obj\LDChip.obj
COMPILER INVOKED BY: D:\KEIL\KEIL_MDK\C51\BIN\C51.EXE ..\code\LDChip.c OPTIMIZE(8,SPEED) BROWSE INCDIR(..\code;..\user) 
                    -DEBUG OBJECTEXTEND PRINT(.\LDChip.lst) TABS(2) OBJECT(..\obj\LDChip.obj)

line level    source

   1          /***********************************************
   2          **  工程名称：UNV-LD3320+STC11语音识别模块驱动程序
   3          **  CPU: STC11L08XE
   4          **  晶振：22.1184MHZ
   5          **  波特率：9600 bit/S
   6          **  修改日期：2018.5.13
   7          **  说明：口令模式： 即每次识别时都需要说“小鹰这个口令 ，才能够进行下一级的识别
   8          /***********************************************/
   9          #include "config.h"
  10          
  11          extern void  delay(unsigned long uldata);
  12          
  13          uint8 idata ucRegVal;
  14          extern uint8 idata nAsrStatus;
  15          
  16          void ProcessInt0(void);
  17          
  18          /************************************************************************
  19          功能描述：   复位LD模块
  20          入口参数：   none
  21          返 回 值：   none
  22          其他说明：   none
  23          **************************************************************************/
  24          void LD_Reset()
  25          {
  26   1        RSTB=1;
  27   1        delay(5);
  28   1        RSTB=0;
  29   1        delay(5);
  30   1        RSTB=1;
  31   1      
  32   1        delay(5);
  33   1        CSB=0;
  34   1        delay(5);
  35   1        CSB=1;
  36   1        delay(5);
  37   1      }
  38          /************************************************************************
  39          功能描述： LD模块命令初始化
  40          入口参数： none
  41          返 回 值： none
  42          其他说明： 该函数为出厂配置，一般不需要修改；
  43                     有兴趣的客户可对照开发手册根据需要自行修改。
  44          **************************************************************************/
  45          void LD_Init_Common()
  46          {
  47   1        LD_ReadReg(0x06);  
  48   1        LD_WriteReg(0x17, 0x35); 
  49   1        delay(10);
  50   1        LD_ReadReg(0x06);  
  51   1      
  52   1        LD_WriteReg(0x89, 0x03);  
  53   1        delay(5);
  54   1        LD_WriteReg(0xCF, 0x43);   
C51 COMPILER V9.60.0.0   LDCHIP                                                            07/03/2025 18:40:35 PAGE 2   

  55   1        delay(5);
  56   1        LD_WriteReg(0xCB, 0x02);
  57   1        
  58   1        /*PLL setting*/
  59   1        LD_WriteReg(0x11, LD_PLL_11);       
  60   1      
  61   1        LD_WriteReg(0x1E,0x00);
  62   1        LD_WriteReg(0x19, LD_PLL_ASR_19); 
  63   1        LD_WriteReg(0x1B, LD_PLL_ASR_1B);   
  64   1        LD_WriteReg(0x1D, LD_PLL_ASR_1D);
  65   1        delay(10);
  66   1        
  67   1          LD_WriteReg(0xCD, 0x04);
  68   1      //  LD_WriteReg(0x17, 0x4c); 
  69   1        delay(5);
  70   1        LD_WriteReg(0xB9, 0x00);
  71   1        LD_WriteReg(0xCF, 0x4F); 
  72   1        LD_WriteReg(0x6F, 0xFF); 
  73   1      }
  74          
  75          /************************************************************************
  76          功能描述：   LD模块 ASR功能初始化
  77          入口参数：   none
  78          返 回 值：   none
  79          其他说明：   该函数为出厂配置，一般不需要修改；
  80                     有兴趣的客户可对照开发手册根据需要自行修改。
  81          **************************************************************************/
  82          void LD_Init_ASR()
  83          {
  84   1        LD_Init_Common();
  85   1        LD_WriteReg(0xBD, 0x00);
  86   1        LD_WriteReg(0x17, 0x48);
  87   1        delay( 10 );
  88   1        LD_WriteReg(0x3C, 0x80);    
  89   1        LD_WriteReg(0x3E, 0x07);
  90   1        LD_WriteReg(0x38, 0xff);    
  91   1        LD_WriteReg(0x3A, 0x07);
  92   1        LD_WriteReg(0x40, 0);          
  93   1        LD_WriteReg(0x42, 8);
  94   1        LD_WriteReg(0x44, 0);    
  95   1        LD_WriteReg(0x46, 8); 
  96   1        delay( 1 );
  97   1      }
  98          
  99          /************************************************************************
 100          功能描述：  中断处理函数
 101          入口参数：   none
 102          返 回 值：   none
 103          其他说明：  当LD模块接收到音频信号时，将进入该函数，
 104                      判断识别是否有结果，如果没有从新配置寄
 105                      存器准备下一次的识别。
 106          **************************************************************************/
 107          void ProcessInt0(void)
 108          {
 109   1        uint8 nAsrResCount=0;
 110   1      
 111   1        EX0=0;
 112   1        ucRegVal = LD_ReadReg(0x2B);
 113   1        LD_WriteReg(0x29,0) ;
 114   1        LD_WriteReg(0x02,0) ;
 115   1        if((ucRegVal & 0x10) &&
 116   1          LD_ReadReg(0xb2)==0x21 && 
C51 COMPILER V9.60.0.0   LDCHIP                                                            07/03/2025 18:40:35 PAGE 3   

 117   1          LD_ReadReg(0xbf)==0x35)     /*识别成功*/
 118   1        { 
 119   2          nAsrResCount = LD_ReadReg(0xba);
 120   2          if(nAsrResCount>0 && nAsrResCount<=4) 
 121   2          {
 122   3            nAsrStatus=LD_ASR_FOUNDOK;
 123   3          }
 124   2          else
 125   2            {
 126   3            nAsrStatus=LD_ASR_FOUNDZERO;
 127   3          } 
 128   2        }                              /*没有识别结果*/
 129   1        else
 130   1        {  
 131   2          nAsrStatus=LD_ASR_FOUNDZERO;
 132   2        }
 133   1          
 134   1        LD_WriteReg(0x2b, 0);
 135   1        LD_WriteReg(0x1C,0);/*写0:ADC不可用*/
 136   1      
 137   1        LD_WriteReg(0x29,0) ;
 138   1        LD_WriteReg(0x02,0) ;
 139   1        LD_WriteReg(0x2B,  0);
 140   1        LD_WriteReg(0xBA, 0); 
 141   1        LD_WriteReg(0xBC,0);  
 142   1        LD_WriteReg(0x08,1);   /*清除FIFO_DATA*/
 143   1        LD_WriteReg(0x08,0);  /*清除FIFO_DATA后 再次写0*/
 144   1      
 145   1      
 146   1        EX0=1;
 147   1      }
 148          
 149          /************************************************************************
 150          功能描述：  运行ASR识别流程
 151          入口参数：  none
 152          返 回 值：  asrflag：1->启动成功， 0―>启动失败
 153          其他说明：  识别顺序如下:
 154                      1、RunASR()函数实现了一次完整的ASR语音识别流程
 155                      2、LD_AsrStart() 函数实现了ASR初始化
 156                      3、LD_AsrAddFixed() 函数实现了添加关键词语到LD3320芯片中
 157                      4、LD_AsrRun()  函数启动了一次ASR语音识别流程         
 158                      任何一次ASR识别流程，都需要按照这个顺序，从初始化开始
 159          **************************************************************************/
 160          uint8 RunASR(void)
 161          {
 162   1        uint8 i=0;
 163   1        uint8 asrflag=0;
 164   1        for (i=0; i<5; i++)     //  防止由于硬件原因导致LD3320芯片工作不正常，所以一共尝试5次启动ASR识别流程
 165   1        {
 166   2          LD_AsrStart();
 167   2          delay(50);
 168   2          if (LD_AsrAddFixed()==0)
 169   2          {
 170   3            LD_Reset();     //  LD3320芯片内部出现不正常，立即重启LD3320芯片
 171   3            delay(50);      //  并从初始化开始重新ASR识别流程
 172   3            continue;
 173   3          }
 174   2          delay(10);
 175   2          if (LD_AsrRun() == 0)
 176   2          {
 177   3            LD_Reset();     //  LD3320芯片内部出现不正常，立即重启LD3320芯片
 178   3            delay(50);      //  并从初始化开始重新ASR识别流程
C51 COMPILER V9.60.0.0   LDCHIP                                                            07/03/2025 18:40:35 PAGE 4   

 179   3            continue;
 180   3          }
 181   2          asrflag=1;
 182   2          break;          //  ASR流程启动成功，退出当前for循环。开始等待LD3320送出的中断信号
 183   2        }
 184   1      
 185   1        return asrflag;
 186   1      }
 187          /************************************************************************
 188          功能描述：  检测LD模块是否空闲
 189          入口参数：  none
 190          返 回 值：  flag：1-> 空闲
 191          其他说明：  none
 192          **************************************************************************/
 193          uint8 LD_Check_ASRBusyFlag_b2()
 194          {
 195   1        uint8 j;
 196   1        uint8 flag = 0;
 197   1        for (j=0; j<10; j++)
 198   1        {
 199   2          if (LD_ReadReg(0xb2) == 0x21)
 200   2          {
 201   3            flag = 1;
 202   3            break;
 203   3          }
 204   2          delay(10);    
 205   2        }
 206   1        return flag;
 207   1      }
 208          /************************************************************************
 209          功能描述：  启动ASR
 210          入口参数：  none
 211          返 回 值：  none
 212          其他说明：  none
 213          **************************************************************************/
 214          void LD_AsrStart()
 215          {
 216   1        LD_Init_ASR();
 217   1      }
 218          /************************************************************************
 219          功能描述：  运行ASR
 220          入口参数：  none
 221          返 回 值：  1：启动成功
 222          其他说明：  none
 223          **************************************************************************/
 224          uint8 LD_AsrRun()
 225          {
 226   1        EX0=0;
 227   1        LD_WriteReg(0x35, MIC_VOL);
 228   1        LD_WriteReg(0x1C, 0x09);
 229   1        LD_WriteReg(0xBD, 0x20);
 230   1        LD_WriteReg(0x08, 0x01);
 231   1        delay( 1 );
 232   1        LD_WriteReg(0x08, 0x00);
 233   1        delay( 1 );
 234   1      
 235   1        if(LD_Check_ASRBusyFlag_b2() == 0)
 236   1        {
 237   2          return 0;
 238   2        }
 239   1      //  LD_WriteReg(0xB6, 0xa); //识别时间   1S
 240   1      //  LD_WriteReg(0xB5, 0x1E); //背景音段时间 300ms
C51 COMPILER V9.60.0.0   LDCHIP                                                            07/03/2025 18:40:35 PAGE 5   

 241   1      //  LD_WriteReg(0xB8, 10); //结束时间
 242   1      
 243   1      //  LD_WriteReg(0x1C, 0x07); //配置双通道音频信号做为输入信号
 244   1        LD_WriteReg(0x1C, 0x0b); //配置麦克风做为输入信号
 245   1      
 246   1      
 247   1        LD_WriteReg(0xB2, 0xff);
 248   1        delay( 1);  
 249   1        LD_WriteReg(0x37, 0x06);
 250   1        delay( 1 );
 251   1          LD_WriteReg(0x37, 0x06);
 252   1          delay( 5 );
 253   1        LD_WriteReg(0x29, 0x10);
 254   1        
 255   1        LD_WriteReg(0xBD, 0x00);
 256   1        EX0=1;
 257   1        return 1;
 258   1      }
 259          /************************************************************************
 260          功能描述： 向LD模块添加关键词
 261          入口参数： none
 262          返 回 值： flag：1->添加成功
 263          其他说明： 用户修改.
 264                     1、根据如下格式添加拼音关键词，同时注意修改sRecog 和pCode 数组的长度
 265                     和对应变了k的循环置。拼音串和识别码是一一对应的。
 266                     2、开发者可以学习"语音识别芯片LD3320高阶秘籍.pdf"中
 267                     关于垃圾词语吸收错误的用法，来提供识别效果。
 268                     3、”xiao ying “ 为口令，故在每次识别时，必须先发一级口令“小鹰”
 269          **************************************************************************/
 270          uint8 LD_AsrAddFixed()
 271          {
 272   1        uint8 k, flag;
 273   1        uint8 nAsrAddLength;
 274   1        #define DATE_A 11   /*数组二维数值*/
 275   1        #define DATE_B 30   /*数组一维数值*/
 276   1        uint8 code sRecog[DATE_A][DATE_B] = {
 277   1                                              "jing ling tong xue",\
 278   1                                              "ban shou",\    
 279   1                                              "luo si dao",\
 280   1                                               "you biao ka chi",\
 281   1                                               "qian zi",\
 282   1                                               "chui zi",\
 283   1                                               "juan chi",\
 284   1                                               "wan yong biao",\
 285   1                                               "cuo dao",\
 286   1                                               "sai chi",\
 287   1                                               "hu mu jing"
 288   1                                            };  /*添加关键词，用户修改*/
 289   1        uint8 code pCode[DATE_A] = {0,1,2,3,4,5,6,7,8,9,10
 290   1                                   }; /*添加识别码，用户修改*/  
 291   1        flag = 1;
 292   1        for (k=0; k<DATE_A; k++)
 293   1        {
 294   2            
 295   2          if(LD_Check_ASRBusyFlag_b2() == 0)
 296   2          {
 297   3            flag = 0;
 298   3            break;
 299   3          }
 300   2          
 301   2          LD_WriteReg(0xc1, pCode[k] );
 302   2          LD_WriteReg(0xc3, 0 );
C51 COMPILER V9.60.0.0   LDCHIP                                                            07/03/2025 18:40:35 PAGE 6   

 303   2          LD_WriteReg(0x08, 0x04);
 304   2          delay(1);
 305   2          LD_WriteReg(0x08, 0x00);
 306   2          delay(1);
 307   2      
 308   2          for (nAsrAddLength=0; nAsrAddLength<DATE_B; nAsrAddLength++)
 309   2          {
 310   3            if (sRecog[k][nAsrAddLength] == 0)
 311   3              break;
 312   3            LD_WriteReg(0x5, sRecog[k][nAsrAddLength]);
 313   3          }
 314   2          LD_WriteReg(0xb9, nAsrAddLength);
 315   2          LD_WriteReg(0xb2, 0xff);
 316   2          LD_WriteReg(0x37, 0x04);
 317   2        }
 318   1          return flag;
 319   1      }
 320          /************************************************************************
 321          功能描述：  获取识别结果
 322          入口参数：  none
 323          返 回 值：  LD_ReadReg(0xc5 )；  读取内部寄存器返回识别码。
 324          其他说明：  none
 325          **************************************************************************/
 326          uint8 LD_GetResult()
 327          {   
 328   1        return LD_ReadReg(0xc5 );
 329   1      }
 330          
 331          
 332          


MODULE INFORMATION:   STATIC OVERLAYABLE
   CODE SIZE        =    934    ----
   CONSTANT SIZE    =    341    ----
   XDATA SIZE       =   ----    ----
   PDATA SIZE       =   ----    ----
   DATA SIZE        =   ----       8
   IDATA SIZE       =      1    ----
   BIT SIZE         =   ----    ----
END OF MODULE INFORMATION.


C51 COMPILATION COMPLETE.  0 WARNING(S),  0 ERROR(S)
